<?xml version="1.0" encoding="UTF-8"?>
<robot generator="Robot 4.1.2 (Python 3.8.10 on linux)" generated="20211214 16:30:38.468" rpa="false" schemaversion="2">
<suite id="s1" name="Test" source="/home/amira/PycharmProjects/apiToken/test.robot">
<test id="s1-t1" name="Open Deriv">
<kw name="Login" library="api">
<arg>${VALID_EMAIL}</arg>
<arg>${VALID_PW}</arg>
<kw name="Open Browser" library="SeleniumLibrary">
<arg>url=https://app.deriv.com</arg>
<arg>browser=chrome</arg>
<doc>Opens a new browser instance to the optional ``url``.</doc>
<msg timestamp="20211214 16:30:38.552" level="INFO">Opening browser 'chrome' to base url 'https://app.deriv.com'.</msg>
<status status="PASS" starttime="20211214 16:30:38.552" endtime="20211214 16:30:50.405"/>
</kw>
<kw name="Set Window Size" library="SeleniumLibrary">
<arg>1280</arg>
<arg>1280</arg>
<doc>Sets current windows size to given ``width`` and ``height``.</doc>
<status status="PASS" starttime="20211214 16:30:50.406" endtime="20211214 16:30:50.517"/>
</kw>
<kw name="Wait Until Page Contains Element" library="SeleniumLibrary">
<arg>${login_btn}</arg>
<arg>15</arg>
<doc>Waits until the element ``locator`` appears on the current page.</doc>
<status status="PASS" starttime="20211214 16:30:50.517" endtime="20211214 16:30:50.541"/>
</kw>
<kw name="Click Element" library="SeleniumLibrary">
<arg>${login_btn}</arg>
<doc>Click the element identified by ``locator``.</doc>
<msg timestamp="20211214 16:30:50.541" level="INFO">Clicking element 'dt_login_button'.</msg>
<status status="PASS" starttime="20211214 16:30:50.541" endtime="20211214 16:30:50.599"/>
</kw>
<kw name="Wait Until Page Contains Element" library="SeleniumLibrary">
<arg>${email_field}</arg>
<arg>15</arg>
<doc>Waits until the element ``locator`` appears on the current page.</doc>
<status status="PASS" starttime="20211214 16:30:50.599" endtime="20211214 16:30:53.895"/>
</kw>
<kw name="Input Text" library="SeleniumLibrary">
<arg>${email_field}</arg>
<arg>${email}</arg>
<doc>Types the given ``text`` into the text field identified by ``locator``.</doc>
<msg timestamp="20211214 16:30:53.896" level="INFO">Typing text 'amira@besquare.com.my' into text field 'name=email'.</msg>
<status status="PASS" starttime="20211214 16:30:53.896" endtime="20211214 16:30:53.944"/>
</kw>
<kw name="Input Text" library="SeleniumLibrary">
<arg>${pw_field}</arg>
<arg>${password}</arg>
<doc>Types the given ``text`` into the text field identified by ``locator``.</doc>
<msg timestamp="20211214 16:30:53.944" level="INFO">Typing text 'Harajuku5795' into text field '//*[@type="password"]'.</msg>
<status status="PASS" starttime="20211214 16:30:53.944" endtime="20211214 16:30:53.994"/>
</kw>
<kw name="Click Element" library="SeleniumLibrary">
<arg>${login_oauth_btn}</arg>
<doc>Click the element identified by ``locator``.</doc>
<msg timestamp="20211214 16:30:53.994" level="INFO">Clicking element '//*[text()="Log in"]'.</msg>
<status status="PASS" starttime="20211214 16:30:53.994" endtime="20211214 16:30:57.933"/>
</kw>
<kw name="Wait Until Page Does Not Contain Element" library="SeleniumLibrary">
<arg>${login_oauth_btn}</arg>
<doc>Waits until the element ``locator`` disappears from the current page.</doc>
<status status="PASS" starttime="20211214 16:30:57.933" endtime="20211214 16:30:57.969"/>
</kw>
<status status="PASS" starttime="20211214 16:30:38.552" endtime="20211214 16:30:57.970"/>
</kw>
<kw name="CreateApi" library="api">
<kw name="Wait Until Page Does Not Contain Element" library="SeleniumLibrary">
<arg>dt_core_header_acc-info-preloader</arg>
<arg>60</arg>
<doc>Waits until the element ``locator`` disappears from the current page.</doc>
<status status="PASS" starttime="20211214 16:30:57.971" endtime="20211214 16:30:59.834"/>
</kw>
<kw name="Wait Until Page Contains Element" library="SeleniumLibrary">
<arg>${account_icon}</arg>
<doc>Waits until the element ``locator`` appears on the current page.</doc>
<status status="PASS" starttime="20211214 16:30:59.834" endtime="20211214 16:30:59.844"/>
</kw>
<kw name="Click Element" library="SeleniumLibrary">
<arg>${account_icon}</arg>
<doc>Click the element identified by ``locator``.</doc>
<msg timestamp="20211214 16:30:59.845" level="INFO">Clicking element '//*[@id="dt_core_header_acc-info-container"]/div[2]/div'.</msg>
<status status="PASS" starttime="20211214 16:30:59.844" endtime="20211214 16:30:59.934"/>
</kw>
<kw name="Wait Until Page Contains Element" library="SeleniumLibrary">
<arg>${api_tab}</arg>
<doc>Waits until the element ``locator`` appears on the current page.</doc>
<status status="PASS" starttime="20211214 16:30:59.935" endtime="20211214 16:31:01.327"/>
</kw>
<kw name="Click Element" library="SeleniumLibrary">
<arg>${api_tab}</arg>
<doc>Click the element identified by ``locator``.</doc>
<msg timestamp="20211214 16:31:01.328" level="INFO">Clicking element '//*[@id="dc_api-token_link"]'.</msg>
<status status="PASS" starttime="20211214 16:31:01.327" endtime="20211214 16:31:01.391"/>
</kw>
<kw name="Wait Until Page Contains Element" library="SeleniumLibrary">
<arg>${trade_btn}</arg>
<doc>Waits until the element ``locator`` appears on the current page.</doc>
<status status="PASS" starttime="20211214 16:31:01.391" endtime="20211214 16:31:02.241"/>
</kw>
<kw name="Click Element" library="SeleniumLibrary">
<arg>${trade_btn}</arg>
<doc>Click the element identified by ``locator``.</doc>
<msg timestamp="20211214 16:31:02.242" level="INFO">Clicking element '//*[@id="app_contents"]/div/div/div/div/div[2]/div/div[2]/div/section/div/div/form/div/div[1]/div[2]/div/div/div/div[2]'.</msg>
<status status="PASS" starttime="20211214 16:31:02.241" endtime="20211214 16:31:02.300"/>
</kw>
<kw name="Click Element" library="SeleniumLibrary">
<arg>${token_name}</arg>
<doc>Click the element identified by ``locator``.</doc>
<msg timestamp="20211214 16:31:02.301" level="INFO">Clicking element '//*[@id="app_contents"]/div/div/div/div/div[2]/div/div[2]/div/section/div/div/form/div/div[2]/div[2]/div/div/div/div/input'.</msg>
<status status="PASS" starttime="20211214 16:31:02.300" endtime="20211214 16:31:02.343"/>
</kw>
<kw name="Input Text" library="SeleniumLibrary">
<arg>${token_name}</arg>
<arg>hime</arg>
<doc>Types the given ``text`` into the text field identified by ``locator``.</doc>
<msg timestamp="20211214 16:31:02.343" level="INFO">Typing text 'hime' into text field '//*[@id="app_contents"]/div/div/div/div/div[2]/div/div[2]/div/section/div/div/form/div/div[2]/div[2]/div/div/div/div/input'.</msg>
<status status="PASS" starttime="20211214 16:31:02.343" endtime="20211214 16:31:02.421"/>
</kw>
<kw name="Click Element" library="SeleniumLibrary">
<arg>${create_btn}</arg>
<doc>Click the element identified by ``locator``.</doc>
<msg timestamp="20211214 16:31:02.421" level="INFO">Clicking element '//*[@id="app_contents"]/div/div/div/div/div[2]/div/div[2]/div/section/div/div/form/div/div[2]/div[2]/div/div/div/button'.</msg>
<status status="PASS" starttime="20211214 16:31:02.421" endtime="20211214 16:31:02.479"/>
</kw>
<status status="PASS" starttime="20211214 16:30:57.970" endtime="20211214 16:31:02.480"/>
</kw>
<kw name="DeleteApi" library="api">
<kw name="Wait Until Page Contains Element" library="SeleniumLibrary">
<arg>${delete_btn}</arg>
<doc>Waits until the element ``locator`` appears on the current page.</doc>
<status status="PASS" starttime="20211214 16:31:02.480" endtime="20211214 16:31:03.130"/>
</kw>
<kw name="Click Element" library="SeleniumLibrary">
<arg>${delete_btn}</arg>
<doc>Click the element identified by ``locator``.</doc>
<msg timestamp="20211214 16:31:03.130" level="INFO">Clicking element '//*[@id="app_contents"]/div/div/div/div/div[2]/div/div[2]/div/section/div/div/form/div/div[3]/div[2]/div/div/table/tbody/tr/td[5]/button'.</msg>
<status status="PASS" starttime="20211214 16:31:03.130" endtime="20211214 16:31:03.185"/>
</kw>
<kw name="Wait Until Page Contains Element" library="SeleniumLibrary">
<arg>${yes_btn}</arg>
<doc>Waits until the element ``locator`` appears on the current page.</doc>
<status status="PASS" starttime="20211214 16:31:03.185" endtime="20211214 16:31:03.193"/>
</kw>
<kw name="Click Element" library="SeleniumLibrary">
<arg>${yes_btn}</arg>
<doc>Click the element identified by ``locator``.</doc>
<msg timestamp="20211214 16:31:03.195" level="INFO">Clicking element '//*[@id="app_contents"]/div/div/div/div/div[2]/div/div[2]/div/section/div/div/form/div/div[3]/div[2]/div/div/table/tbody/tr/td[5]/div/button[2]'.</msg>
<status status="PASS" starttime="20211214 16:31:03.193" endtime="20211214 16:31:03.228"/>
</kw>
<status status="PASS" starttime="20211214 16:31:02.480" endtime="20211214 16:31:03.228"/>
</kw>
<status status="PASS" starttime="20211214 16:30:38.551" endtime="20211214 16:31:03.229"/>
</test>
<doc>API Token Assignments</doc>
<status status="PASS" starttime="20211214 16:30:38.468" endtime="20211214 16:31:03.229"/>
</suite>
<statistics>
<total>
<stat pass="1" fail="0" skip="0">All Tests</stat>
</total>
<tag>
</tag>
<suite>
<stat pass="1" fail="0" skip="0" id="s1" name="Test">Test</stat>
</suite>
</statistics>
<errors>
</errors>
</robot>
